[2022-12-29T12:18:10.536] [INFO] http - ::1 - - "PUT /transactions/59?access_token=4Z9Nbbv5SJHskTzytN2-hSMubMUCKgybSRrgtmrlkpB-QaUwm-PAdtgnAwlptwPT HTTP/1.1" 200 2 "" "Synapse/1.47.1"
[2022-12-29T12:18:10.550] [INFO] http - ::1 - - "PUT /transactions/60?access_token=4Z9Nbbv5SJHskTzytN2-hSMubMUCKgybSRrgtmrlkpB-QaUwm-PAdtgnAwlptwPT HTTP/1.1" 200 2 "" "Synapse/1.47.1"
[2022-12-29T12:18:10.564] [INFO] http - ::1 - - "PUT /transactions/61?access_token=4Z9Nbbv5SJHskTzytN2-hSMubMUCKgybSRrgtmrlkpB-QaUwm-PAdtgnAwlptwPT HTTP/1.1" 200 2 "" "Synapse/1.47.1"
[2022-12-29T12:18:10.599] [INFO] http - ::1 - - "PUT /transactions/62?access_token=4Z9Nbbv5SJHskTzytN2-hSMubMUCKgybSRrgtmrlkpB-QaUwm-PAdtgnAwlptwPT HTTP/1.1" 200 2 "" "Synapse/1.47.1"
[2022-12-29T12:18:10.630] [INFO] http - ::1 - - "PUT /transactions/63?access_token=4Z9Nbbv5SJHskTzytN2-hSMubMUCKgybSRrgtmrlkpB-QaUwm-PAdtgnAwlptwPT HTTP/1.1" 200 2 "" "Synapse/1.47.1"
[2022-12-29T12:18:10.689] [INFO] http - ::1 - - "PUT /transactions/64?access_token=4Z9Nbbv5SJHskTzytN2-hSMubMUCKgybSRrgtmrlkpB-QaUwm-PAdtgnAwlptwPT HTTP/1.1" 200 2 "" "Synapse/1.47.1"
[2022-12-29T12:18:10.711] [INFO] http - ::1 - - "PUT /transactions/65?access_token=4Z9Nbbv5SJHskTzytN2-hSMubMUCKgybSRrgtmrlkpB-QaUwm-PAdtgnAwlptwPT HTTP/1.1" 200 2 "" "Synapse/1.47.1"
[2022-12-29T12:18:10.733] [INFO] http - ::1 - - "PUT /transactions/66?access_token=4Z9Nbbv5SJHskTzytN2-hSMubMUCKgybSRrgtmrlkpB-QaUwm-PAdtgnAwlptwPT HTTP/1.1" 200 2 "" "Synapse/1.47.1"
[2022-12-29T12:18:10.755] [INFO] http - ::1 - - "PUT /transactions/67?access_token=4Z9Nbbv5SJHskTzytN2-hSMubMUCKgybSRrgtmrlkpB-QaUwm-PAdtgnAwlptwPT HTTP/1.1" 200 2 "" "Synapse/1.47.1"
[2022-12-29T12:18:10.780] [INFO] http - ::1 - - "PUT /transactions/68?access_token=4Z9Nbbv5SJHskTzytN2-hSMubMUCKgybSRrgtmrlkpB-QaUwm-PAdtgnAwlptwPT HTTP/1.1" 200 2 "" "Synapse/1.47.1"
[2022-12-29T12:18:10.823] [INFO] http - ::1 - - "PUT /transactions/69?access_token=4Z9Nbbv5SJHskTzytN2-hSMubMUCKgybSRrgtmrlkpB-QaUwm-PAdtgnAwlptwPT HTTP/1.1" 200 2 "" "Synapse/1.47.1"
[2022-12-29T12:18:10.855] [INFO] http - ::1 - - "PUT /transactions/70?access_token=4Z9Nbbv5SJHskTzytN2-hSMubMUCKgybSRrgtmrlkpB-QaUwm-PAdtgnAwlptwPT HTTP/1.1" 200 2 "" "Synapse/1.47.1"
[2022-12-29T12:18:10.876] [INFO] http - ::1 - - "PUT /transactions/71?access_token=4Z9Nbbv5SJHskTzytN2-hSMubMUCKgybSRrgtmrlkpB-QaUwm-PAdtgnAwlptwPT HTTP/1.1" 200 2 "" "Synapse/1.47.1"
[2022-12-29T12:18:10.895] [INFO] http - ::1 - - "PUT /transactions/72?access_token=4Z9Nbbv5SJHskTzytN2-hSMubMUCKgybSRrgtmrlkpB-QaUwm-PAdtgnAwlptwPT HTTP/1.1" 200 2 "" "Synapse/1.47.1"
[2022-12-29T12:18:10.918] [INFO] http - ::1 - - "PUT /transactions/73?access_token=4Z9Nbbv5SJHskTzytN2-hSMubMUCKgybSRrgtmrlkpB-QaUwm-PAdtgnAwlptwPT HTTP/1.1" 200 2 "" "Synapse/1.47.1"
[2022-12-29T12:18:10.969] [INFO] http - ::1 - - "PUT /transactions/74?access_token=4Z9Nbbv5SJHskTzytN2-hSMubMUCKgybSRrgtmrlkpB-QaUwm-PAdtgnAwlptwPT HTTP/1.1" 200 2 "" "Synapse/1.47.1"
[2022-12-29T12:18:11.041] [INFO] http - ::1 - - "PUT /transactions/75?access_token=4Z9Nbbv5SJHskTzytN2-hSMubMUCKgybSRrgtmrlkpB-QaUwm-PAdtgnAwlptwPT HTTP/1.1" 200 2 "" "Synapse/1.47.1"
[2022-12-29T12:18:11.260] [INFO] http - ::1 - - "PUT /transactions/76?access_token=4Z9Nbbv5SJHskTzytN2-hSMubMUCKgybSRrgtmrlkpB-QaUwm-PAdtgnAwlptwPT HTTP/1.1" 200 2 "" "Synapse/1.47.1"
[2022-12-29T12:18:11.502] [INFO] http - ::1 - - "PUT /transactions/77?access_token=4Z9Nbbv5SJHskTzytN2-hSMubMUCKgybSRrgtmrlkpB-QaUwm-PAdtgnAwlptwPT HTTP/1.1" 200 2 "" "Synapse/1.47.1"
[2022-12-29T12:18:12.060] [INFO] http - ::1 - - "PUT /transactions/78?access_token=4Z9Nbbv5SJHskTzytN2-hSMubMUCKgybSRrgtmrlkpB-QaUwm-PAdtgnAwlptwPT HTTP/1.1" 200 2 "" "Synapse/1.47.1"
[2022-12-29T12:18:12.657] [INFO] http - ::1 - - "PUT /transactions/79?access_token=4Z9Nbbv5SJHskTzytN2-hSMubMUCKgybSRrgtmrlkpB-QaUwm-PAdtgnAwlptwPT HTTP/1.1" 200 2 "" "Synapse/1.47.1"
[2022-12-29T12:18:13.147] [INFO] http - ::1 - - "PUT /transactions/80?access_token=4Z9Nbbv5SJHskTzytN2-hSMubMUCKgybSRrgtmrlkpB-QaUwm-PAdtgnAwlptwPT HTTP/1.1" 200 2 "" "Synapse/1.47.1"
[2022-12-29T12:18:13.317] [INFO] http - ::1 - - "PUT /transactions/81?access_token=4Z9Nbbv5SJHskTzytN2-hSMubMUCKgybSRrgtmrlkpB-QaUwm-PAdtgnAwlptwPT HTTP/1.1" 200 2 "" "Synapse/1.47.1"
[2022-12-29T12:18:13.619] [INFO] http - ::1 - - "PUT /transactions/82?access_token=4Z9Nbbv5SJHskTzytN2-hSMubMUCKgybSRrgtmrlkpB-QaUwm-PAdtgnAwlptwPT HTTP/1.1" 200 2 "" "Synapse/1.47.1"
[2022-12-29T12:18:13.748] [INFO] http - ::1 - - "PUT /transactions/83?access_token=4Z9Nbbv5SJHskTzytN2-hSMubMUCKgybSRrgtmrlkpB-QaUwm-PAdtgnAwlptwPT HTTP/1.1" 200 2 "" "Synapse/1.47.1"
[2022-12-29T12:18:16.417] [INFO] http - ::1 - - "PUT /transactions/84?access_token=4Z9Nbbv5SJHskTzytN2-hSMubMUCKgybSRrgtmrlkpB-QaUwm-PAdtgnAwlptwPT HTTP/1.1" 200 2 "" "Synapse/1.47.1"
[2022-12-29T12:53:15.511] [ERROR] http - ::1 - - "GET /_matrix/app/v1/users/@mm_mattermost_a:localhost HTTP/1.1" 401 57 "" "node-fetch/1.0 (+https://github.com/bitinn/node-fetch)"
[2022-12-29T12:53:15.523] [ERROR] http - ::1 - - "GET /_matrix/app/v1/users/@mm_mattermost_a:localhost?access_token=1234 HTTP/1.1" 403 58 "" "node-fetch/1.0 (+https://github.com/bitinn/node-fetch)"
[2022-12-29T12:53:15.596] [INFO] http - ::1 - - "POST /bridge/rename/matrix_matrix_a/matrix_a?access_token=4Z9Nbbv5SJHskTzytN2-hSMubMUCKgybSRrgtmrlkpB-QaUwm-PAdtgnAwlptwPT HTTP/1.1" 200 36 "" "node-fetch/1.0 (+https://github.com/bitinn/node-fetch)"
[2022-12-29T12:53:15.672] [INFO] http - ::1 - - "POST /bridge/rename/matrix_a/matrix_matrix_a?access_token=4Z9Nbbv5SJHskTzytN2-hSMubMUCKgybSRrgtmrlkpB-QaUwm-PAdtgnAwlptwPT HTTP/1.1" 200 36 "" "node-fetch/1.0 (+https://github.com/bitinn/node-fetch)"
[2022-12-29T12:53:15.727] [ERROR] http - ::1 - - "POST /bridge/rename/matrix_matrix_a/matrix_matrix_b?access_token=4Z9Nbbv5SJHskTzytN2-hSMubMUCKgybSRrgtmrlkpB-QaUwm-PAdtgnAwlptwPT HTTP/1.1" 500 323 "" "node-fetch/1.0 (+https://github.com/bitinn/node-fetch)"
[2022-12-29T12:53:15.746] [ERROR] http - ::1 - - "POST /bridge/rename/mattermost_a/mattermost_c?access_token=4Z9Nbbv5SJHskTzytN2-hSMubMUCKgybSRrgtmrlkpB-QaUwm-PAdtgnAwlptwPT HTTP/1.1" 400 53 "" "node-fetch/1.0 (+https://github.com/bitinn/node-fetch)"
[2022-12-29T12:53:15.765] [ERROR] http - ::1 - - "POST /bridge/rename/nonexistent/newname?access_token=4Z9Nbbv5SJHskTzytN2-hSMubMUCKgybSRrgtmrlkpB-QaUwm-PAdtgnAwlptwPT HTTP/1.1" 400 45 "" "node-fetch/1.0 (+https://github.com/bitinn/node-fetch)"
[2022-12-29T12:53:15.769] [INFO] http - ::1 - - "GET /bridge/status HTTP/1.1" 200 7 "" "node-fetch/1.0 (+https://github.com/bitinn/node-fetch)"
[2022-12-29T12:53:34.516] [INFO] http - ::1 - - "PUT /transactions/85?access_token=4Z9Nbbv5SJHskTzytN2-hSMubMUCKgybSRrgtmrlkpB-QaUwm-PAdtgnAwlptwPT HTTP/1.1" 200 2 "" "Synapse/1.47.1"
[2022-12-29T12:53:34.732] [INFO] http - ::1 - - "PUT /transactions/86?access_token=4Z9Nbbv5SJHskTzytN2-hSMubMUCKgybSRrgtmrlkpB-QaUwm-PAdtgnAwlptwPT HTTP/1.1" 200 2 "" "Synapse/1.47.1"
[2022-12-29T12:53:34.873] [INFO] http - ::1 - - "PUT /transactions/87?access_token=4Z9Nbbv5SJHskTzytN2-hSMubMUCKgybSRrgtmrlkpB-QaUwm-PAdtgnAwlptwPT HTTP/1.1" 200 2 "" "Synapse/1.47.1"
[2022-12-29T12:53:35.042] [INFO] http - ::1 - - "PUT /transactions/88?access_token=4Z9Nbbv5SJHskTzytN2-hSMubMUCKgybSRrgtmrlkpB-QaUwm-PAdtgnAwlptwPT HTTP/1.1" 200 2 "" "Synapse/1.47.1"
[2022-12-29T12:53:35.274] [INFO] http - ::1 - - "PUT /transactions/89?access_token=4Z9Nbbv5SJHskTzytN2-hSMubMUCKgybSRrgtmrlkpB-QaUwm-PAdtgnAwlptwPT HTTP/1.1" 200 2 "" "Synapse/1.47.1"
[2022-12-29T12:53:35.538] [INFO] http - ::1 - - "PUT /transactions/90?access_token=4Z9Nbbv5SJHskTzytN2-hSMubMUCKgybSRrgtmrlkpB-QaUwm-PAdtgnAwlptwPT HTTP/1.1" 200 2 "" "Synapse/1.47.1"
[2022-12-29T12:53:35.752] [INFO] http - ::1 - - "PUT /transactions/91?access_token=4Z9Nbbv5SJHskTzytN2-hSMubMUCKgybSRrgtmrlkpB-QaUwm-PAdtgnAwlptwPT HTTP/1.1" 200 2 "" "Synapse/1.47.1"
[2022-12-29T12:53:36.022] [INFO] http - ::1 - - "PUT /transactions/92?access_token=4Z9Nbbv5SJHskTzytN2-hSMubMUCKgybSRrgtmrlkpB-QaUwm-PAdtgnAwlptwPT HTTP/1.1" 200 2 "" "Synapse/1.47.1"
[2022-12-29T12:53:36.503] [INFO] http - ::1 - - "PUT /transactions/93?access_token=4Z9Nbbv5SJHskTzytN2-hSMubMUCKgybSRrgtmrlkpB-QaUwm-PAdtgnAwlptwPT HTTP/1.1" 200 2 "" "Synapse/1.47.1"
[2022-12-29T12:53:37.378] [INFO] http - ::1 - - "PUT /transactions/94?access_token=4Z9Nbbv5SJHskTzytN2-hSMubMUCKgybSRrgtmrlkpB-QaUwm-PAdtgnAwlptwPT HTTP/1.1" 200 2 "" "Synapse/1.47.1"
[2022-12-29T12:53:37.414] [INFO] http - ::1 - - "PUT /transactions/95?access_token=4Z9Nbbv5SJHskTzytN2-hSMubMUCKgybSRrgtmrlkpB-QaUwm-PAdtgnAwlptwPT HTTP/1.1" 200 2 "" "Synapse/1.47.1"
[2022-12-29T12:53:37.605] [INFO] http - ::1 - - "PUT /transactions/96?access_token=4Z9Nbbv5SJHskTzytN2-hSMubMUCKgybSRrgtmrlkpB-QaUwm-PAdtgnAwlptwPT HTTP/1.1" 200 2 "" "Synapse/1.47.1"
[2022-12-29T12:53:37.665] [INFO] http - ::1 - - "PUT /transactions/97?access_token=4Z9Nbbv5SJHskTzytN2-hSMubMUCKgybSRrgtmrlkpB-QaUwm-PAdtgnAwlptwPT HTTP/1.1" 200 2 "" "Synapse/1.47.1"
[2022-12-29T12:53:37.819] [INFO] http - ::1 - - "PUT /transactions/98?access_token=4Z9Nbbv5SJHskTzytN2-hSMubMUCKgybSRrgtmrlkpB-QaUwm-PAdtgnAwlptwPT HTTP/1.1" 200 2 "" "Synapse/1.47.1"
[2022-12-29T12:53:52.990] [INFO] http - ::1 - - "PUT /transactions/99?access_token=4Z9Nbbv5SJHskTzytN2-hSMubMUCKgybSRrgtmrlkpB-QaUwm-PAdtgnAwlptwPT HTTP/1.1" 200 2 "" "Synapse/1.47.1"
[2022-12-29T12:53:53.054] [INFO] http - ::1 - - "PUT /transactions/100?access_token=4Z9Nbbv5SJHskTzytN2-hSMubMUCKgybSRrgtmrlkpB-QaUwm-PAdtgnAwlptwPT HTTP/1.1" 200 2 "" "Synapse/1.47.1"
[2022-12-29T12:53:53.076] [INFO] http - ::1 - - "PUT /transactions/101?access_token=4Z9Nbbv5SJHskTzytN2-hSMubMUCKgybSRrgtmrlkpB-QaUwm-PAdtgnAwlptwPT HTTP/1.1" 200 2 "" "Synapse/1.47.1"
[2022-12-29T12:53:53.141] [INFO] http - ::1 - - "PUT /transactions/102?access_token=4Z9Nbbv5SJHskTzytN2-hSMubMUCKgybSRrgtmrlkpB-QaUwm-PAdtgnAwlptwPT HTTP/1.1" 200 2 "" "Synapse/1.47.1"
[2022-12-29T12:53:53.173] [INFO] http - ::1 - - "PUT /transactions/103?access_token=4Z9Nbbv5SJHskTzytN2-hSMubMUCKgybSRrgtmrlkpB-QaUwm-PAdtgnAwlptwPT HTTP/1.1" 200 2 "" "Synapse/1.47.1"
[2022-12-29T12:53:53.221] [INFO] http - ::1 - - "PUT /transactions/104?access_token=4Z9Nbbv5SJHskTzytN2-hSMubMUCKgybSRrgtmrlkpB-QaUwm-PAdtgnAwlptwPT HTTP/1.1" 200 2 "" "Synapse/1.47.1"
[2022-12-29T12:53:53.248] [INFO] http - ::1 - - "PUT /transactions/105?access_token=4Z9Nbbv5SJHskTzytN2-hSMubMUCKgybSRrgtmrlkpB-QaUwm-PAdtgnAwlptwPT HTTP/1.1" 200 2 "" "Synapse/1.47.1"
[2022-12-29T12:53:53.297] [INFO] http - ::1 - - "PUT /transactions/106?access_token=4Z9Nbbv5SJHskTzytN2-hSMubMUCKgybSRrgtmrlkpB-QaUwm-PAdtgnAwlptwPT HTTP/1.1" 200 2 "" "Synapse/1.47.1"
[2022-12-29T12:53:53.326] [INFO] http - ::1 - - "PUT /transactions/107?access_token=4Z9Nbbv5SJHskTzytN2-hSMubMUCKgybSRrgtmrlkpB-QaUwm-PAdtgnAwlptwPT HTTP/1.1" 200 2 "" "Synapse/1.47.1"
[2022-12-29T12:53:53.356] [INFO] http - ::1 - - "PUT /transactions/108?access_token=4Z9Nbbv5SJHskTzytN2-hSMubMUCKgybSRrgtmrlkpB-QaUwm-PAdtgnAwlptwPT HTTP/1.1" 200 2 "" "Synapse/1.47.1"
[2022-12-29T12:53:53.410] [INFO] http - ::1 - - "PUT /transactions/109?access_token=4Z9Nbbv5SJHskTzytN2-hSMubMUCKgybSRrgtmrlkpB-QaUwm-PAdtgnAwlptwPT HTTP/1.1" 200 2 "" "Synapse/1.47.1"
[2022-12-29T12:53:53.446] [INFO] http - ::1 - - "PUT /transactions/110?access_token=4Z9Nbbv5SJHskTzytN2-hSMubMUCKgybSRrgtmrlkpB-QaUwm-PAdtgnAwlptwPT HTTP/1.1" 200 2 "" "Synapse/1.47.1"
[2022-12-29T12:53:53.490] [INFO] http - ::1 - - "PUT /transactions/111?access_token=4Z9Nbbv5SJHskTzytN2-hSMubMUCKgybSRrgtmrlkpB-QaUwm-PAdtgnAwlptwPT HTTP/1.1" 200 2 "" "Synapse/1.47.1"
[2022-12-29T12:53:53.723] [INFO] http - ::1 - - "PUT /transactions/112?access_token=4Z9Nbbv5SJHskTzytN2-hSMubMUCKgybSRrgtmrlkpB-QaUwm-PAdtgnAwlptwPT HTTP/1.1" 200 2 "" "Synapse/1.47.1"
[2022-12-29T12:53:53.919] [INFO] http - ::1 - - "PUT /transactions/113?access_token=4Z9Nbbv5SJHskTzytN2-hSMubMUCKgybSRrgtmrlkpB-QaUwm-PAdtgnAwlptwPT HTTP/1.1" 200 2 "" "Synapse/1.47.1"
[2022-12-29T12:53:54.134] [INFO] http - ::1 - - "PUT /transactions/114?access_token=4Z9Nbbv5SJHskTzytN2-hSMubMUCKgybSRrgtmrlkpB-QaUwm-PAdtgnAwlptwPT HTTP/1.1" 200 2 "" "Synapse/1.47.1"
[2022-12-29T12:53:54.318] [INFO] http - ::1 - - "PUT /transactions/115?access_token=4Z9Nbbv5SJHskTzytN2-hSMubMUCKgybSRrgtmrlkpB-QaUwm-PAdtgnAwlptwPT HTTP/1.1" 200 2 "" "Synapse/1.47.1"
[2022-12-29T12:53:54.598] [INFO] http - ::1 - - "PUT /transactions/116?access_token=4Z9Nbbv5SJHskTzytN2-hSMubMUCKgybSRrgtmrlkpB-QaUwm-PAdtgnAwlptwPT HTTP/1.1" 200 2 "" "Synapse/1.47.1"
[2022-12-29T12:53:54.725] [INFO] http - ::1 - - "PUT /transactions/117?access_token=4Z9Nbbv5SJHskTzytN2-hSMubMUCKgybSRrgtmrlkpB-QaUwm-PAdtgnAwlptwPT HTTP/1.1" 200 2 "" "Synapse/1.47.1"
[2022-12-29T12:53:55.090] [INFO] http - ::1 - - "PUT /transactions/118?access_token=4Z9Nbbv5SJHskTzytN2-hSMubMUCKgybSRrgtmrlkpB-QaUwm-PAdtgnAwlptwPT HTTP/1.1" 200 2 "" "Synapse/1.47.1"
[2022-12-29T12:53:57.751] [INFO] http - ::1 - - "PUT /transactions/119?access_token=4Z9Nbbv5SJHskTzytN2-hSMubMUCKgybSRrgtmrlkpB-QaUwm-PAdtgnAwlptwPT HTTP/1.1" 200 2 "" "Synapse/1.47.1"
[2022-12-29T12:54:18.070] [INFO] http - ::1 - - "PUT /transactions/120?access_token=4Z9Nbbv5SJHskTzytN2-hSMubMUCKgybSRrgtmrlkpB-QaUwm-PAdtgnAwlptwPT HTTP/1.1" 200 2 "" "Synapse/1.47.1"
[2022-12-29T12:54:18.253] [INFO] http - ::1 - - "PUT /transactions/121?access_token=4Z9Nbbv5SJHskTzytN2-hSMubMUCKgybSRrgtmrlkpB-QaUwm-PAdtgnAwlptwPT HTTP/1.1" 200 2 "" "Synapse/1.47.1"
[2022-12-29T12:54:18.404] [INFO] http - ::1 - - "PUT /transactions/122?access_token=4Z9Nbbv5SJHskTzytN2-hSMubMUCKgybSRrgtmrlkpB-QaUwm-PAdtgnAwlptwPT HTTP/1.1" 200 2 "" "Synapse/1.47.1"
[2022-12-29T12:54:18.616] [INFO] http - ::1 - - "PUT /transactions/123?access_token=4Z9Nbbv5SJHskTzytN2-hSMubMUCKgybSRrgtmrlkpB-QaUwm-PAdtgnAwlptwPT HTTP/1.1" 200 2 "" "Synapse/1.47.1"
[2022-12-29T12:54:18.771] [INFO] http - ::1 - - "PUT /transactions/124?access_token=4Z9Nbbv5SJHskTzytN2-hSMubMUCKgybSRrgtmrlkpB-QaUwm-PAdtgnAwlptwPT HTTP/1.1" 200 2 "" "Synapse/1.47.1"
[2022-12-29T12:54:18.925] [INFO] http - ::1 - - "PUT /transactions/125?access_token=4Z9Nbbv5SJHskTzytN2-hSMubMUCKgybSRrgtmrlkpB-QaUwm-PAdtgnAwlptwPT HTTP/1.1" 200 2 "" "Synapse/1.47.1"
[2022-12-29T12:54:19.190] [INFO] http - ::1 - - "PUT /transactions/126?access_token=4Z9Nbbv5SJHskTzytN2-hSMubMUCKgybSRrgtmrlkpB-QaUwm-PAdtgnAwlptwPT HTTP/1.1" 200 2 "" "Synapse/1.47.1"
[2022-12-29T12:54:19.381] [INFO] http - ::1 - - "PUT /transactions/127?access_token=4Z9Nbbv5SJHskTzytN2-hSMubMUCKgybSRrgtmrlkpB-QaUwm-PAdtgnAwlptwPT HTTP/1.1" 200 2 "" "Synapse/1.47.1"
[2022-12-29T12:54:19.646] [INFO] http - ::1 - - "PUT /transactions/128?access_token=4Z9Nbbv5SJHskTzytN2-hSMubMUCKgybSRrgtmrlkpB-QaUwm-PAdtgnAwlptwPT HTTP/1.1" 200 2 "" "Synapse/1.47.1"
[2022-12-29T12:54:19.875] [INFO] http - ::1 - - "PUT /transactions/129?access_token=4Z9Nbbv5SJHskTzytN2-hSMubMUCKgybSRrgtmrlkpB-QaUwm-PAdtgnAwlptwPT HTTP/1.1" 200 2 "" "Synapse/1.47.1"
[2022-12-29T12:54:20.026] [INFO] http - ::1 - - "PUT /transactions/130?access_token=4Z9Nbbv5SJHskTzytN2-hSMubMUCKgybSRrgtmrlkpB-QaUwm-PAdtgnAwlptwPT HTTP/1.1" 200 2 "" "Synapse/1.47.1"
[2022-12-29T12:54:20.188] [INFO] http - ::1 - - "PUT /transactions/131?access_token=4Z9Nbbv5SJHskTzytN2-hSMubMUCKgybSRrgtmrlkpB-QaUwm-PAdtgnAwlptwPT HTTP/1.1" 200 2 "" "Synapse/1.47.1"
[2022-12-29T12:54:20.314] [INFO] http - ::1 - - "PUT /transactions/132?access_token=4Z9Nbbv5SJHskTzytN2-hSMubMUCKgybSRrgtmrlkpB-QaUwm-PAdtgnAwlptwPT HTTP/1.1" 200 2 "" "Synapse/1.47.1"
[2022-12-29T12:54:22.018] [INFO] http - ::1 - - "PUT /transactions/133?access_token=4Z9Nbbv5SJHskTzytN2-hSMubMUCKgybSRrgtmrlkpB-QaUwm-PAdtgnAwlptwPT HTTP/1.1" 200 2 "" "Synapse/1.47.1"
[2022-12-29T12:56:44.942] [INFO] http - ::1 - - "PUT /transactions/134?access_token=4Z9Nbbv5SJHskTzytN2-hSMubMUCKgybSRrgtmrlkpB-QaUwm-PAdtgnAwlptwPT HTTP/1.1" 200 2 "" "Synapse/1.47.1"
[2022-12-29T12:56:45.130] [INFO] http - ::1 - - "PUT /transactions/135?access_token=4Z9Nbbv5SJHskTzytN2-hSMubMUCKgybSRrgtmrlkpB-QaUwm-PAdtgnAwlptwPT HTTP/1.1" 200 2 "" "Synapse/1.47.1"
[2022-12-29T12:56:45.302] [INFO] http - ::1 - - "PUT /transactions/136?access_token=4Z9Nbbv5SJHskTzytN2-hSMubMUCKgybSRrgtmrlkpB-QaUwm-PAdtgnAwlptwPT HTTP/1.1" 200 2 "" "Synapse/1.47.1"
[2022-12-29T12:56:45.700] [INFO] http - ::1 - - "PUT /transactions/137?access_token=4Z9Nbbv5SJHskTzytN2-hSMubMUCKgybSRrgtmrlkpB-QaUwm-PAdtgnAwlptwPT HTTP/1.1" 200 2 "" "Synapse/1.47.1"
[2022-12-29T12:56:45.919] [INFO] http - ::1 - - "PUT /transactions/138?access_token=4Z9Nbbv5SJHskTzytN2-hSMubMUCKgybSRrgtmrlkpB-QaUwm-PAdtgnAwlptwPT HTTP/1.1" 200 2 "" "Synapse/1.47.1"
[2022-12-29T12:56:46.168] [INFO] http - ::1 - - "PUT /transactions/139?access_token=4Z9Nbbv5SJHskTzytN2-hSMubMUCKgybSRrgtmrlkpB-QaUwm-PAdtgnAwlptwPT HTTP/1.1" 200 2 "" "Synapse/1.47.1"
[2022-12-29T12:56:46.417] [INFO] http - ::1 - - "PUT /transactions/140?access_token=4Z9Nbbv5SJHskTzytN2-hSMubMUCKgybSRrgtmrlkpB-QaUwm-PAdtgnAwlptwPT HTTP/1.1" 200 2 "" "Synapse/1.47.1"
[2022-12-29T12:56:46.615] [INFO] http - ::1 - - "PUT /transactions/141?access_token=4Z9Nbbv5SJHskTzytN2-hSMubMUCKgybSRrgtmrlkpB-QaUwm-PAdtgnAwlptwPT HTTP/1.1" 200 2 "" "Synapse/1.47.1"
[2022-12-29T12:56:46.879] [INFO] http - ::1 - - "PUT /transactions/142?access_token=4Z9Nbbv5SJHskTzytN2-hSMubMUCKgybSRrgtmrlkpB-QaUwm-PAdtgnAwlptwPT HTTP/1.1" 200 2 "" "Synapse/1.47.1"
[2022-12-29T12:56:47.109] [INFO] http - ::1 - - "PUT /transactions/143?access_token=4Z9Nbbv5SJHskTzytN2-hSMubMUCKgybSRrgtmrlkpB-QaUwm-PAdtgnAwlptwPT HTTP/1.1" 200 2 "" "Synapse/1.47.1"
[2022-12-29T12:56:47.249] [INFO] http - ::1 - - "PUT /transactions/144?access_token=4Z9Nbbv5SJHskTzytN2-hSMubMUCKgybSRrgtmrlkpB-QaUwm-PAdtgnAwlptwPT HTTP/1.1" 200 2 "" "Synapse/1.47.1"
[2022-12-29T12:56:47.462] [INFO] http - ::1 - - "PUT /transactions/145?access_token=4Z9Nbbv5SJHskTzytN2-hSMubMUCKgybSRrgtmrlkpB-QaUwm-PAdtgnAwlptwPT HTTP/1.1" 200 2 "" "Synapse/1.47.1"
[2022-12-29T12:56:47.544] [INFO] http - ::1 - - "PUT /transactions/146?access_token=4Z9Nbbv5SJHskTzytN2-hSMubMUCKgybSRrgtmrlkpB-QaUwm-PAdtgnAwlptwPT HTTP/1.1" 200 2 "" "Synapse/1.47.1"
[2022-12-29T12:56:49.191] [INFO] http - ::1 - - "PUT /transactions/147?access_token=4Z9Nbbv5SJHskTzytN2-hSMubMUCKgybSRrgtmrlkpB-QaUwm-PAdtgnAwlptwPT HTTP/1.1" 200 2 "" "Synapse/1.47.1"
[2022-12-29T13:40:54.243] [INFO] http - ::1 - - "PUT /transactions/148?access_token=4Z9Nbbv5SJHskTzytN2-hSMubMUCKgybSRrgtmrlkpB-QaUwm-PAdtgnAwlptwPT HTTP/1.1" 200 2 "" "Synapse/1.47.1"
[2022-12-29T13:40:54.423] [INFO] http - ::1 - - "PUT /transactions/149?access_token=4Z9Nbbv5SJHskTzytN2-hSMubMUCKgybSRrgtmrlkpB-QaUwm-PAdtgnAwlptwPT HTTP/1.1" 200 2 "" "Synapse/1.47.1"
[2022-12-29T13:40:54.555] [INFO] http - ::1 - - "PUT /transactions/150?access_token=4Z9Nbbv5SJHskTzytN2-hSMubMUCKgybSRrgtmrlkpB-QaUwm-PAdtgnAwlptwPT HTTP/1.1" 200 2 "" "Synapse/1.47.1"
[2022-12-29T13:40:54.800] [INFO] http - ::1 - - "PUT /transactions/151?access_token=4Z9Nbbv5SJHskTzytN2-hSMubMUCKgybSRrgtmrlkpB-QaUwm-PAdtgnAwlptwPT HTTP/1.1" 200 2 "" "Synapse/1.47.1"
[2022-12-29T13:40:54.957] [INFO] http - ::1 - - "PUT /transactions/152?access_token=4Z9Nbbv5SJHskTzytN2-hSMubMUCKgybSRrgtmrlkpB-QaUwm-PAdtgnAwlptwPT HTTP/1.1" 200 2 "" "Synapse/1.47.1"
[2022-12-29T13:40:55.123] [INFO] http - ::1 - - "PUT /transactions/153?access_token=4Z9Nbbv5SJHskTzytN2-hSMubMUCKgybSRrgtmrlkpB-QaUwm-PAdtgnAwlptwPT HTTP/1.1" 200 2 "" "Synapse/1.47.1"
[2022-12-29T13:40:55.362] [INFO] http - ::1 - - "PUT /transactions/154?access_token=4Z9Nbbv5SJHskTzytN2-hSMubMUCKgybSRrgtmrlkpB-QaUwm-PAdtgnAwlptwPT HTTP/1.1" 200 2 "" "Synapse/1.47.1"
[2022-12-29T13:40:55.585] [INFO] http - ::1 - - "PUT /transactions/155?access_token=4Z9Nbbv5SJHskTzytN2-hSMubMUCKgybSRrgtmrlkpB-QaUwm-PAdtgnAwlptwPT HTTP/1.1" 200 2 "" "Synapse/1.47.1"
[2022-12-29T13:40:55.894] [INFO] http - ::1 - - "PUT /transactions/156?access_token=4Z9Nbbv5SJHskTzytN2-hSMubMUCKgybSRrgtmrlkpB-QaUwm-PAdtgnAwlptwPT HTTP/1.1" 200 2 "" "Synapse/1.47.1"
[2022-12-29T13:40:56.099] [INFO] http - ::1 - - "PUT /transactions/157?access_token=4Z9Nbbv5SJHskTzytN2-hSMubMUCKgybSRrgtmrlkpB-QaUwm-PAdtgnAwlptwPT HTTP/1.1" 200 2 "" "Synapse/1.47.1"
[2022-12-29T13:40:56.417] [INFO] http - ::1 - - "PUT /transactions/158?access_token=4Z9Nbbv5SJHskTzytN2-hSMubMUCKgybSRrgtmrlkpB-QaUwm-PAdtgnAwlptwPT HTTP/1.1" 200 2 "" "Synapse/1.47.1"
[2022-12-29T13:40:56.584] [INFO] http - ::1 - - "PUT /transactions/159?access_token=4Z9Nbbv5SJHskTzytN2-hSMubMUCKgybSRrgtmrlkpB-QaUwm-PAdtgnAwlptwPT HTTP/1.1" 200 2 "" "Synapse/1.47.1"
[2022-12-29T13:40:56.718] [INFO] http - ::1 - - "PUT /transactions/160?access_token=4Z9Nbbv5SJHskTzytN2-hSMubMUCKgybSRrgtmrlkpB-QaUwm-PAdtgnAwlptwPT HTTP/1.1" 200 2 "" "Synapse/1.47.1"
[2022-12-29T13:40:58.416] [INFO] http - ::1 - - "PUT /transactions/161?access_token=4Z9Nbbv5SJHskTzytN2-hSMubMUCKgybSRrgtmrlkpB-QaUwm-PAdtgnAwlptwPT HTTP/1.1" 200 2 "" "Synapse/1.47.1"
[2022-12-29T13:44:57.540] [INFO] http - ::1 - - "PUT /transactions/162?access_token=4Z9Nbbv5SJHskTzytN2-hSMubMUCKgybSRrgtmrlkpB-QaUwm-PAdtgnAwlptwPT HTTP/1.1" 200 2 "" "Synapse/1.47.1"
[2022-12-29T13:44:57.739] [INFO] http - ::1 - - "PUT /transactions/163?access_token=4Z9Nbbv5SJHskTzytN2-hSMubMUCKgybSRrgtmrlkpB-QaUwm-PAdtgnAwlptwPT HTTP/1.1" 200 2 "" "Synapse/1.47.1"
[2022-12-29T13:44:57.896] [INFO] http - ::1 - - "PUT /transactions/164?access_token=4Z9Nbbv5SJHskTzytN2-hSMubMUCKgybSRrgtmrlkpB-QaUwm-PAdtgnAwlptwPT HTTP/1.1" 200 2 "" "Synapse/1.47.1"
[2022-12-29T13:44:58.105] [INFO] http - ::1 - - "PUT /transactions/165?access_token=4Z9Nbbv5SJHskTzytN2-hSMubMUCKgybSRrgtmrlkpB-QaUwm-PAdtgnAwlptwPT HTTP/1.1" 200 2 "" "Synapse/1.47.1"
[2022-12-29T13:44:58.270] [INFO] http - ::1 - - "PUT /transactions/166?access_token=4Z9Nbbv5SJHskTzytN2-hSMubMUCKgybSRrgtmrlkpB-QaUwm-PAdtgnAwlptwPT HTTP/1.1" 200 2 "" "Synapse/1.47.1"
[2022-12-29T13:44:58.435] [INFO] http - ::1 - - "PUT /transactions/167?access_token=4Z9Nbbv5SJHskTzytN2-hSMubMUCKgybSRrgtmrlkpB-QaUwm-PAdtgnAwlptwPT HTTP/1.1" 200 2 "" "Synapse/1.47.1"
[2022-12-29T13:44:58.664] [INFO] http - ::1 - - "PUT /transactions/168?access_token=4Z9Nbbv5SJHskTzytN2-hSMubMUCKgybSRrgtmrlkpB-QaUwm-PAdtgnAwlptwPT HTTP/1.1" 200 2 "" "Synapse/1.47.1"
[2022-12-29T13:44:58.862] [INFO] http - ::1 - - "PUT /transactions/169?access_token=4Z9Nbbv5SJHskTzytN2-hSMubMUCKgybSRrgtmrlkpB-QaUwm-PAdtgnAwlptwPT HTTP/1.1" 200 2 "" "Synapse/1.47.1"
[2022-12-29T13:44:59.139] [INFO] http - ::1 - - "PUT /transactions/170?access_token=4Z9Nbbv5SJHskTzytN2-hSMubMUCKgybSRrgtmrlkpB-QaUwm-PAdtgnAwlptwPT HTTP/1.1" 200 2 "" "Synapse/1.47.1"
[2022-12-29T13:44:59.365] [INFO] http - ::1 - - "PUT /transactions/171?access_token=4Z9Nbbv5SJHskTzytN2-hSMubMUCKgybSRrgtmrlkpB-QaUwm-PAdtgnAwlptwPT HTTP/1.1" 200 2 "" "Synapse/1.47.1"
[2022-12-29T13:44:59.528] [INFO] http - ::1 - - "PUT /transactions/172?access_token=4Z9Nbbv5SJHskTzytN2-hSMubMUCKgybSRrgtmrlkpB-QaUwm-PAdtgnAwlptwPT HTTP/1.1" 200 2 "" "Synapse/1.47.1"
[2022-12-29T13:44:59.704] [INFO] http - ::1 - - "PUT /transactions/173?access_token=4Z9Nbbv5SJHskTzytN2-hSMubMUCKgybSRrgtmrlkpB-QaUwm-PAdtgnAwlptwPT HTTP/1.1" 200 2 "" "Synapse/1.47.1"
[2022-12-29T13:44:59.823] [INFO] http - ::1 - - "PUT /transactions/174?access_token=4Z9Nbbv5SJHskTzytN2-hSMubMUCKgybSRrgtmrlkpB-QaUwm-PAdtgnAwlptwPT HTTP/1.1" 200 2 "" "Synapse/1.47.1"
[2022-12-29T13:45:01.835] [INFO] http - ::1 - - "PUT /transactions/175?access_token=4Z9Nbbv5SJHskTzytN2-hSMubMUCKgybSRrgtmrlkpB-QaUwm-PAdtgnAwlptwPT HTTP/1.1" 200 2 "" "Synapse/1.47.1"
[2022-12-29T13:46:34.711] [WARN] http - ::1 - - "GET /bridge/status HTTP/1.1" 304 - "" "Mozilla/5.0 (Macintosh; Intel Mac OS X 10_15_7) AppleWebKit/537.36 (KHTML, like Gecko) Chrome/108.0.0.0 Safari/537.36"
[2022-12-29T13:46:34.808] [ERROR] http - ::1 - - "GET /favicon.ico HTTP/1.1" 401 57 "http://localhost:9995/bridge/status" "Mozilla/5.0 (Macintosh; Intel Mac OS X 10_15_7) AppleWebKit/537.36 (KHTML, like Gecko) Chrome/108.0.0.0 Safari/537.36"
[2022-12-29T13:46:45.690] [WARN] http - ::1 - - "GET /bridge/status HTTP/1.1" 304 - "" "Mozilla/5.0 (Macintosh; Intel Mac OS X 10_15_7) AppleWebKit/537.36 (KHTML, like Gecko) Chrome/108.0.0.0 Safari/537.36"
[2022-12-29T13:46:45.718] [ERROR] http - ::1 - - "GET /favicon.ico HTTP/1.1" 401 57 "http://localhost:9995/bridge/status" "Mozilla/5.0 (Macintosh; Intel Mac OS X 10_15_7) AppleWebKit/537.36 (KHTML, like Gecko) Chrome/108.0.0.0 Safari/537.36"
[2022-12-29T13:47:02.041] [WARN] http - ::1 - - "GET /bridge/status HTTP/1.1" 304 - "" "Mozilla/5.0 (Macintosh; Intel Mac OS X 10_15_7) AppleWebKit/537.36 (KHTML, like Gecko) Chrome/108.0.0.0 Safari/537.36"
[2022-12-29T13:47:02.068] [ERROR] http - ::1 - - "GET /favicon.ico HTTP/1.1" 401 57 "http://localhost:9995/bridge/status" "Mozilla/5.0 (Macintosh; Intel Mac OS X 10_15_7) AppleWebKit/537.36 (KHTML, like Gecko) Chrome/108.0.0.0 Safari/537.36"
[2022-12-29T17:36:23.961] [INFO] http - ::1 - - "PUT /transactions/1?access_token=O7NOF3o_PHgV2BKA6Dyc3uep8zVAR2JLmJiAGeC3Jnrib-FqJVyf3hxnE7Z20Tvy HTTP/1.1" 200 2 "" "Synapse/1.47.1"
[2022-12-29T17:36:24.125] [INFO] http - ::1 - - "PUT /transactions/2?access_token=O7NOF3o_PHgV2BKA6Dyc3uep8zVAR2JLmJiAGeC3Jnrib-FqJVyf3hxnE7Z20Tvy HTTP/1.1" 200 2 "" "Synapse/1.47.1"
[2022-12-29T17:36:25.573] [INFO] http - ::1 - - "PUT /transactions/3?access_token=O7NOF3o_PHgV2BKA6Dyc3uep8zVAR2JLmJiAGeC3Jnrib-FqJVyf3hxnE7Z20Tvy HTTP/1.1" 200 2 "" "Synapse/1.47.1"
[2022-12-29T17:36:25.722] [INFO] http - ::1 - - "PUT /transactions/4?access_token=O7NOF3o_PHgV2BKA6Dyc3uep8zVAR2JLmJiAGeC3Jnrib-FqJVyf3hxnE7Z20Tvy HTTP/1.1" 200 2 "" "Synapse/1.47.1"
[2022-12-29T17:36:25.885] [INFO] http - ::1 - - "PUT /transactions/5?access_token=O7NOF3o_PHgV2BKA6Dyc3uep8zVAR2JLmJiAGeC3Jnrib-FqJVyf3hxnE7Z20Tvy HTTP/1.1" 200 2 "" "Synapse/1.47.1"
[2022-12-29T17:36:26.016] [INFO] http - ::1 - - "PUT /transactions/6?access_token=O7NOF3o_PHgV2BKA6Dyc3uep8zVAR2JLmJiAGeC3Jnrib-FqJVyf3hxnE7Z20Tvy HTTP/1.1" 200 2 "" "Synapse/1.47.1"
[2022-12-29T17:36:26.156] [INFO] http - ::1 - - "PUT /transactions/7?access_token=O7NOF3o_PHgV2BKA6Dyc3uep8zVAR2JLmJiAGeC3Jnrib-FqJVyf3hxnE7Z20Tvy HTTP/1.1" 200 2 "" "Synapse/1.47.1"
[2022-12-29T17:36:26.326] [INFO] http - ::1 - - "PUT /transactions/8?access_token=O7NOF3o_PHgV2BKA6Dyc3uep8zVAR2JLmJiAGeC3Jnrib-FqJVyf3hxnE7Z20Tvy HTTP/1.1" 200 2 "" "Synapse/1.47.1"
[2022-12-29T17:36:26.413] [INFO] http - ::1 - - "PUT /transactions/9?access_token=O7NOF3o_PHgV2BKA6Dyc3uep8zVAR2JLmJiAGeC3Jnrib-FqJVyf3hxnE7Z20Tvy HTTP/1.1" 200 2 "" "Synapse/1.47.1"
[2022-12-29T17:36:26.683] [INFO] http - ::1 - - "PUT /transactions/10?access_token=O7NOF3o_PHgV2BKA6Dyc3uep8zVAR2JLmJiAGeC3Jnrib-FqJVyf3hxnE7Z20Tvy HTTP/1.1" 200 2 "" "Synapse/1.47.1"
[2022-12-29T17:36:26.974] [INFO] http - ::1 - - "PUT /transactions/11?access_token=O7NOF3o_PHgV2BKA6Dyc3uep8zVAR2JLmJiAGeC3Jnrib-FqJVyf3hxnE7Z20Tvy HTTP/1.1" 200 2 "" "Synapse/1.47.1"
[2022-12-29T17:36:27.177] [INFO] http - ::1 - - "PUT /transactions/12?access_token=O7NOF3o_PHgV2BKA6Dyc3uep8zVAR2JLmJiAGeC3Jnrib-FqJVyf3hxnE7Z20Tvy HTTP/1.1" 200 2 "" "Synapse/1.47.1"
[2022-12-29T17:36:27.352] [INFO] http - ::1 - - "PUT /transactions/13?access_token=O7NOF3o_PHgV2BKA6Dyc3uep8zVAR2JLmJiAGeC3Jnrib-FqJVyf3hxnE7Z20Tvy HTTP/1.1" 200 2 "" "Synapse/1.47.1"
[2022-12-29T17:36:27.555] [INFO] http - ::1 - - "PUT /transactions/14?access_token=O7NOF3o_PHgV2BKA6Dyc3uep8zVAR2JLmJiAGeC3Jnrib-FqJVyf3hxnE7Z20Tvy HTTP/1.1" 200 2 "" "Synapse/1.47.1"
[2022-12-29T17:36:27.838] [INFO] http - ::1 - - "PUT /transactions/15?access_token=O7NOF3o_PHgV2BKA6Dyc3uep8zVAR2JLmJiAGeC3Jnrib-FqJVyf3hxnE7Z20Tvy HTTP/1.1" 200 2 "" "Synapse/1.47.1"
[2022-12-29T17:36:28.064] [INFO] http - ::1 - - "PUT /transactions/16?access_token=O7NOF3o_PHgV2BKA6Dyc3uep8zVAR2JLmJiAGeC3Jnrib-FqJVyf3hxnE7Z20Tvy HTTP/1.1" 200 2 "" "Synapse/1.47.1"
[2022-12-29T17:36:28.265] [INFO] http - ::1 - - "PUT /transactions/17?access_token=O7NOF3o_PHgV2BKA6Dyc3uep8zVAR2JLmJiAGeC3Jnrib-FqJVyf3hxnE7Z20Tvy HTTP/1.1" 200 2 "" "Synapse/1.47.1"
[2022-12-29T17:36:28.568] [INFO] http - ::1 - - "PUT /transactions/18?access_token=O7NOF3o_PHgV2BKA6Dyc3uep8zVAR2JLmJiAGeC3Jnrib-FqJVyf3hxnE7Z20Tvy HTTP/1.1" 200 2 "" "Synapse/1.47.1"
[2022-12-29T17:36:28.932] [INFO] http - ::1 - - "PUT /transactions/19?access_token=O7NOF3o_PHgV2BKA6Dyc3uep8zVAR2JLmJiAGeC3Jnrib-FqJVyf3hxnE7Z20Tvy HTTP/1.1" 200 2 "" "Synapse/1.47.1"
[2022-12-29T17:36:29.868] [INFO] http - ::1 - - "PUT /transactions/20?access_token=O7NOF3o_PHgV2BKA6Dyc3uep8zVAR2JLmJiAGeC3Jnrib-FqJVyf3hxnE7Z20Tvy HTTP/1.1" 200 2 "" "Synapse/1.47.1"
[2022-12-29T17:36:30.127] [INFO] http - ::1 - - "PUT /transactions/21?access_token=O7NOF3o_PHgV2BKA6Dyc3uep8zVAR2JLmJiAGeC3Jnrib-FqJVyf3hxnE7Z20Tvy HTTP/1.1" 200 2 "" "Synapse/1.47.1"
[2022-12-29T17:36:30.265] [INFO] http - ::1 - - "PUT /transactions/22?access_token=O7NOF3o_PHgV2BKA6Dyc3uep8zVAR2JLmJiAGeC3Jnrib-FqJVyf3hxnE7Z20Tvy HTTP/1.1" 200 2 "" "Synapse/1.47.1"
[2022-12-29T17:36:30.363] [INFO] http - ::1 - - "PUT /transactions/23?access_token=O7NOF3o_PHgV2BKA6Dyc3uep8zVAR2JLmJiAGeC3Jnrib-FqJVyf3hxnE7Z20Tvy HTTP/1.1" 200 2 "" "Synapse/1.47.1"
[2022-12-29T17:36:30.482] [INFO] http - ::1 - - "PUT /transactions/24?access_token=O7NOF3o_PHgV2BKA6Dyc3uep8zVAR2JLmJiAGeC3Jnrib-FqJVyf3hxnE7Z20Tvy HTTP/1.1" 200 2 "" "Synapse/1.47.1"
[2022-12-29T17:36:33.042] [INFO] http - ::1 - - "PUT /transactions/25?access_token=O7NOF3o_PHgV2BKA6Dyc3uep8zVAR2JLmJiAGeC3Jnrib-FqJVyf3hxnE7Z20Tvy HTTP/1.1" 200 2 "" "Synapse/1.47.1"
[2022-12-29T17:36:37.481] [INFO] http - ::1 - - "PUT /transactions/26?access_token=O7NOF3o_PHgV2BKA6Dyc3uep8zVAR2JLmJiAGeC3Jnrib-FqJVyf3hxnE7Z20Tvy HTTP/1.1" 200 2 "" "Synapse/1.47.1"
[2022-12-29T17:36:37.526] [INFO] http - ::1 - - "PUT /transactions/27?access_token=O7NOF3o_PHgV2BKA6Dyc3uep8zVAR2JLmJiAGeC3Jnrib-FqJVyf3hxnE7Z20Tvy HTTP/1.1" 200 2 "" "Synapse/1.47.1"
[2022-12-29T17:36:37.561] [INFO] http - ::1 - - "PUT /transactions/28?access_token=O7NOF3o_PHgV2BKA6Dyc3uep8zVAR2JLmJiAGeC3Jnrib-FqJVyf3hxnE7Z20Tvy HTTP/1.1" 200 2 "" "Synapse/1.47.1"
[2022-12-29T17:36:37.588] [INFO] http - ::1 - - "PUT /transactions/29?access_token=O7NOF3o_PHgV2BKA6Dyc3uep8zVAR2JLmJiAGeC3Jnrib-FqJVyf3hxnE7Z20Tvy HTTP/1.1" 200 2 "" "Synapse/1.47.1"
[2022-12-29T17:36:37.645] [INFO] http - ::1 - - "PUT /transactions/30?access_token=O7NOF3o_PHgV2BKA6Dyc3uep8zVAR2JLmJiAGeC3Jnrib-FqJVyf3hxnE7Z20Tvy HTTP/1.1" 200 2 "" "Synapse/1.47.1"
[2022-12-29T17:36:37.677] [INFO] http - ::1 - - "PUT /transactions/31?access_token=O7NOF3o_PHgV2BKA6Dyc3uep8zVAR2JLmJiAGeC3Jnrib-FqJVyf3hxnE7Z20Tvy HTTP/1.1" 200 2 "" "Synapse/1.47.1"
[2022-12-29T17:36:37.705] [INFO] http - ::1 - - "PUT /transactions/32?access_token=O7NOF3o_PHgV2BKA6Dyc3uep8zVAR2JLmJiAGeC3Jnrib-FqJVyf3hxnE7Z20Tvy HTTP/1.1" 200 2 "" "Synapse/1.47.1"
[2022-12-29T17:36:37.733] [INFO] http - ::1 - - "PUT /transactions/33?access_token=O7NOF3o_PHgV2BKA6Dyc3uep8zVAR2JLmJiAGeC3Jnrib-FqJVyf3hxnE7Z20Tvy HTTP/1.1" 200 2 "" "Synapse/1.47.1"
[2022-12-29T17:36:37.760] [INFO] http - ::1 - - "PUT /transactions/34?access_token=O7NOF3o_PHgV2BKA6Dyc3uep8zVAR2JLmJiAGeC3Jnrib-FqJVyf3hxnE7Z20Tvy HTTP/1.1" 200 2 "" "Synapse/1.47.1"
[2022-12-29T17:36:37.794] [INFO] http - ::1 - - "PUT /transactions/35?access_token=O7NOF3o_PHgV2BKA6Dyc3uep8zVAR2JLmJiAGeC3Jnrib-FqJVyf3hxnE7Z20Tvy HTTP/1.1" 200 2 "" "Synapse/1.47.1"
[2022-12-29T17:36:37.823] [INFO] http - ::1 - - "PUT /transactions/36?access_token=O7NOF3o_PHgV2BKA6Dyc3uep8zVAR2JLmJiAGeC3Jnrib-FqJVyf3hxnE7Z20Tvy HTTP/1.1" 200 2 "" "Synapse/1.47.1"
[2022-12-29T17:36:37.910] [INFO] http - ::1 - - "PUT /transactions/37?access_token=O7NOF3o_PHgV2BKA6Dyc3uep8zVAR2JLmJiAGeC3Jnrib-FqJVyf3hxnE7Z20Tvy HTTP/1.1" 200 2 "" "Synapse/1.47.1"
[2022-12-29T17:36:38.156] [INFO] http - ::1 - - "PUT /transactions/38?access_token=O7NOF3o_PHgV2BKA6Dyc3uep8zVAR2JLmJiAGeC3Jnrib-FqJVyf3hxnE7Z20Tvy HTTP/1.1" 200 2 "" "Synapse/1.47.1"
[2022-12-29T17:36:38.369] [INFO] http - ::1 - - "PUT /transactions/39?access_token=O7NOF3o_PHgV2BKA6Dyc3uep8zVAR2JLmJiAGeC3Jnrib-FqJVyf3hxnE7Z20Tvy HTTP/1.1" 200 2 "" "Synapse/1.47.1"
[2022-12-29T17:36:38.652] [INFO] http - ::1 - - "PUT /transactions/40?access_token=O7NOF3o_PHgV2BKA6Dyc3uep8zVAR2JLmJiAGeC3Jnrib-FqJVyf3hxnE7Z20Tvy HTTP/1.1" 200 2 "" "Synapse/1.47.1"
[2022-12-29T17:36:38.851] [INFO] http - ::1 - - "PUT /transactions/41?access_token=O7NOF3o_PHgV2BKA6Dyc3uep8zVAR2JLmJiAGeC3Jnrib-FqJVyf3hxnE7Z20Tvy HTTP/1.1" 200 2 "" "Synapse/1.47.1"
[2022-12-29T17:36:39.111] [INFO] http - ::1 - - "PUT /transactions/42?access_token=O7NOF3o_PHgV2BKA6Dyc3uep8zVAR2JLmJiAGeC3Jnrib-FqJVyf3hxnE7Z20Tvy HTTP/1.1" 200 2 "" "Synapse/1.47.1"
[2022-12-29T17:36:39.406] [INFO] http - ::1 - - "PUT /transactions/43?access_token=O7NOF3o_PHgV2BKA6Dyc3uep8zVAR2JLmJiAGeC3Jnrib-FqJVyf3hxnE7Z20Tvy HTTP/1.1" 200 2 "" "Synapse/1.47.1"
[2022-12-29T17:36:39.681] [INFO] http - ::1 - - "PUT /transactions/44?access_token=O7NOF3o_PHgV2BKA6Dyc3uep8zVAR2JLmJiAGeC3Jnrib-FqJVyf3hxnE7Z20Tvy HTTP/1.1" 200 2 "" "Synapse/1.47.1"
[2022-12-29T17:36:42.442] [INFO] http - ::1 - - "PUT /transactions/45?access_token=O7NOF3o_PHgV2BKA6Dyc3uep8zVAR2JLmJiAGeC3Jnrib-FqJVyf3hxnE7Z20Tvy HTTP/1.1" 200 2 "" "Synapse/1.47.1"
[2022-12-29T17:36:44.049] [INFO] http - ::1 - - "PUT /transactions/46?access_token=O7NOF3o_PHgV2BKA6Dyc3uep8zVAR2JLmJiAGeC3Jnrib-FqJVyf3hxnE7Z20Tvy HTTP/1.1" 200 2 "" "Synapse/1.47.1"
[2022-12-29T17:36:44.228] [INFO] http - ::1 - - "PUT /transactions/47?access_token=O7NOF3o_PHgV2BKA6Dyc3uep8zVAR2JLmJiAGeC3Jnrib-FqJVyf3hxnE7Z20Tvy HTTP/1.1" 200 2 "" "Synapse/1.47.1"
[2022-12-29T17:36:44.386] [INFO] http - ::1 - - "PUT /transactions/48?access_token=O7NOF3o_PHgV2BKA6Dyc3uep8zVAR2JLmJiAGeC3Jnrib-FqJVyf3hxnE7Z20Tvy HTTP/1.1" 200 2 "" "Synapse/1.47.1"
[2022-12-29T17:36:44.589] [INFO] http - ::1 - - "PUT /transactions/49?access_token=O7NOF3o_PHgV2BKA6Dyc3uep8zVAR2JLmJiAGeC3Jnrib-FqJVyf3hxnE7Z20Tvy HTTP/1.1" 200 2 "" "Synapse/1.47.1"
[2022-12-29T17:36:44.748] [INFO] http - ::1 - - "PUT /transactions/50?access_token=O7NOF3o_PHgV2BKA6Dyc3uep8zVAR2JLmJiAGeC3Jnrib-FqJVyf3hxnE7Z20Tvy HTTP/1.1" 200 2 "" "Synapse/1.47.1"
[2022-12-29T17:36:44.929] [INFO] http - ::1 - - "PUT /transactions/51?access_token=O7NOF3o_PHgV2BKA6Dyc3uep8zVAR2JLmJiAGeC3Jnrib-FqJVyf3hxnE7Z20Tvy HTTP/1.1" 200 2 "" "Synapse/1.47.1"
[2022-12-29T17:36:45.328] [INFO] http - ::1 - - "PUT /transactions/52?access_token=O7NOF3o_PHgV2BKA6Dyc3uep8zVAR2JLmJiAGeC3Jnrib-FqJVyf3hxnE7Z20Tvy HTTP/1.1" 200 2 "" "Synapse/1.47.1"
[2022-12-29T17:36:45.493] [INFO] http - ::1 - - "PUT /transactions/53?access_token=O7NOF3o_PHgV2BKA6Dyc3uep8zVAR2JLmJiAGeC3Jnrib-FqJVyf3hxnE7Z20Tvy HTTP/1.1" 200 2 "" "Synapse/1.47.1"
[2022-12-29T17:36:45.750] [INFO] http - ::1 - - "PUT /transactions/54?access_token=O7NOF3o_PHgV2BKA6Dyc3uep8zVAR2JLmJiAGeC3Jnrib-FqJVyf3hxnE7Z20Tvy HTTP/1.1" 200 2 "" "Synapse/1.47.1"
[2022-12-29T17:36:45.943] [INFO] http - ::1 - - "PUT /transactions/55?access_token=O7NOF3o_PHgV2BKA6Dyc3uep8zVAR2JLmJiAGeC3Jnrib-FqJVyf3hxnE7Z20Tvy HTTP/1.1" 200 2 "" "Synapse/1.47.1"
[2022-12-29T17:36:46.084] [INFO] http - ::1 - - "PUT /transactions/56?access_token=O7NOF3o_PHgV2BKA6Dyc3uep8zVAR2JLmJiAGeC3Jnrib-FqJVyf3hxnE7Z20Tvy HTTP/1.1" 200 2 "" "Synapse/1.47.1"
[2022-12-29T17:36:46.266] [INFO] http - ::1 - - "PUT /transactions/57?access_token=O7NOF3o_PHgV2BKA6Dyc3uep8zVAR2JLmJiAGeC3Jnrib-FqJVyf3hxnE7Z20Tvy HTTP/1.1" 200 2 "" "Synapse/1.47.1"
[2022-12-29T17:36:46.398] [INFO] http - ::1 - - "PUT /transactions/58?access_token=O7NOF3o_PHgV2BKA6Dyc3uep8zVAR2JLmJiAGeC3Jnrib-FqJVyf3hxnE7Z20Tvy HTTP/1.1" 200 2 "" "Synapse/1.47.1"
[2022-12-29T17:36:48.040] [INFO] http - ::1 - - "PUT /transactions/59?access_token=O7NOF3o_PHgV2BKA6Dyc3uep8zVAR2JLmJiAGeC3Jnrib-FqJVyf3hxnE7Z20Tvy HTTP/1.1" 200 2 "" "Synapse/1.47.1"
[2022-12-29T17:36:49.785] [INFO] http - ::1 - - "PUT /transactions/60?access_token=O7NOF3o_PHgV2BKA6Dyc3uep8zVAR2JLmJiAGeC3Jnrib-FqJVyf3hxnE7Z20Tvy HTTP/1.1" 200 2 "" "Synapse/1.47.1"
[2022-12-29T17:36:50.067] [INFO] http - ::1 - - "PUT /transactions/61?access_token=O7NOF3o_PHgV2BKA6Dyc3uep8zVAR2JLmJiAGeC3Jnrib-FqJVyf3hxnE7Z20Tvy HTTP/1.1" 200 2 "" "Synapse/1.47.1"
[2022-12-29T17:36:50.238] [INFO] http - ::1 - - "PUT /transactions/62?access_token=O7NOF3o_PHgV2BKA6Dyc3uep8zVAR2JLmJiAGeC3Jnrib-FqJVyf3hxnE7Z20Tvy HTTP/1.1" 200 2 "" "Synapse/1.47.1"
[2022-12-29T17:36:50.426] [INFO] http - ::1 - - "PUT /transactions/63?access_token=O7NOF3o_PHgV2BKA6Dyc3uep8zVAR2JLmJiAGeC3Jnrib-FqJVyf3hxnE7Z20Tvy HTTP/1.1" 200 2 "" "Synapse/1.47.1"
[2022-12-29T17:36:50.692] [INFO] http - ::1 - - "PUT /transactions/64?access_token=O7NOF3o_PHgV2BKA6Dyc3uep8zVAR2JLmJiAGeC3Jnrib-FqJVyf3hxnE7Z20Tvy HTTP/1.1" 200 2 "" "Synapse/1.47.1"
[2022-12-29T17:36:50.854] [INFO] http - ::1 - - "PUT /transactions/65?access_token=O7NOF3o_PHgV2BKA6Dyc3uep8zVAR2JLmJiAGeC3Jnrib-FqJVyf3hxnE7Z20Tvy HTTP/1.1" 200 2 "" "Synapse/1.47.1"
[2022-12-29T17:36:50.983] [INFO] http - ::1 - - "PUT /transactions/66?access_token=O7NOF3o_PHgV2BKA6Dyc3uep8zVAR2JLmJiAGeC3Jnrib-FqJVyf3hxnE7Z20Tvy HTTP/1.1" 200 2 "" "Synapse/1.47.1"
[2022-12-29T17:36:51.318] [INFO] http - ::1 - - "PUT /transactions/67?access_token=O7NOF3o_PHgV2BKA6Dyc3uep8zVAR2JLmJiAGeC3Jnrib-FqJVyf3hxnE7Z20Tvy HTTP/1.1" 200 2 "" "Synapse/1.47.1"
[2022-12-29T17:36:51.387] [INFO] http - ::1 - - "PUT /transactions/68?access_token=O7NOF3o_PHgV2BKA6Dyc3uep8zVAR2JLmJiAGeC3Jnrib-FqJVyf3hxnE7Z20Tvy HTTP/1.1" 200 2 "" "Synapse/1.47.1"
[2022-12-29T17:36:53.024] [INFO] http - ::1 - - "PUT /transactions/69?access_token=O7NOF3o_PHgV2BKA6Dyc3uep8zVAR2JLmJiAGeC3Jnrib-FqJVyf3hxnE7Z20Tvy HTTP/1.1" 200 2 "" "Synapse/1.47.1"
[2022-12-29T17:36:53.128] [INFO] http - ::1 - - "PUT /transactions/70?access_token=O7NOF3o_PHgV2BKA6Dyc3uep8zVAR2JLmJiAGeC3Jnrib-FqJVyf3hxnE7Z20Tvy HTTP/1.1" 200 2 "" "Synapse/1.47.1"
[2022-12-29T17:36:53.343] [INFO] http - ::1 - - "PUT /transactions/71?access_token=O7NOF3o_PHgV2BKA6Dyc3uep8zVAR2JLmJiAGeC3Jnrib-FqJVyf3hxnE7Z20Tvy HTTP/1.1" 200 2 "" "Synapse/1.47.1"
[2022-12-29T17:36:53.456] [INFO] http - ::1 - - "PUT /transactions/72?access_token=O7NOF3o_PHgV2BKA6Dyc3uep8zVAR2JLmJiAGeC3Jnrib-FqJVyf3hxnE7Z20Tvy HTTP/1.1" 200 2 "" "Synapse/1.47.1"
[2022-12-29T17:36:53.637] [INFO] http - ::1 - - "PUT /transactions/73?access_token=O7NOF3o_PHgV2BKA6Dyc3uep8zVAR2JLmJiAGeC3Jnrib-FqJVyf3hxnE7Z20Tvy HTTP/1.1" 200 2 "" "Synapse/1.47.1"
[2022-12-29T17:36:53.808] [INFO] http - ::1 - - "PUT /transactions/74?access_token=O7NOF3o_PHgV2BKA6Dyc3uep8zVAR2JLmJiAGeC3Jnrib-FqJVyf3hxnE7Z20Tvy HTTP/1.1" 200 2 "" "Synapse/1.47.1"
[2022-12-29T17:36:54.023] [INFO] http - ::1 - - "PUT /transactions/75?access_token=O7NOF3o_PHgV2BKA6Dyc3uep8zVAR2JLmJiAGeC3Jnrib-FqJVyf3hxnE7Z20Tvy HTTP/1.1" 200 2 "" "Synapse/1.47.1"
[2022-12-29T17:36:54.188] [INFO] http - ::1 - - "PUT /transactions/76?access_token=O7NOF3o_PHgV2BKA6Dyc3uep8zVAR2JLmJiAGeC3Jnrib-FqJVyf3hxnE7Z20Tvy HTTP/1.1" 200 2 "" "Synapse/1.47.1"
[2022-12-29T17:36:57.250] [ERROR] http - ::1 - - "GET /_matrix/app/v1/users/@mm_mattermost_a:localhost HTTP/1.1" 401 57 "" "node-fetch/1.0 (+https://github.com/bitinn/node-fetch)"
[2022-12-29T17:36:57.256] [ERROR] http - ::1 - - "GET /_matrix/app/v1/users/@mm_mattermost_a:localhost?access_token=1234 HTTP/1.1" 403 58 "" "node-fetch/1.0 (+https://github.com/bitinn/node-fetch)"
[2022-12-29T17:36:57.409] [INFO] http - ::1 - - "POST /bridge/rename/matrix_matrix_a/matrix_a?access_token=O7NOF3o_PHgV2BKA6Dyc3uep8zVAR2JLmJiAGeC3Jnrib-FqJVyf3hxnE7Z20Tvy HTTP/1.1" 200 36 "" "node-fetch/1.0 (+https://github.com/bitinn/node-fetch)"
[2022-12-29T17:36:57.483] [INFO] http - ::1 - - "POST /bridge/rename/matrix_a/matrix_matrix_a?access_token=O7NOF3o_PHgV2BKA6Dyc3uep8zVAR2JLmJiAGeC3Jnrib-FqJVyf3hxnE7Z20Tvy HTTP/1.1" 200 36 "" "node-fetch/1.0 (+https://github.com/bitinn/node-fetch)"
[2022-12-29T17:36:57.648] [ERROR] http - ::1 - - "POST /bridge/rename/matrix_matrix_a/matrix_matrix_b?access_token=O7NOF3o_PHgV2BKA6Dyc3uep8zVAR2JLmJiAGeC3Jnrib-FqJVyf3hxnE7Z20Tvy HTTP/1.1" 500 323 "" "node-fetch/1.0 (+https://github.com/bitinn/node-fetch)"
[2022-12-29T17:36:57.666] [ERROR] http - ::1 - - "POST /bridge/rename/mattermost_a/mattermost_c?access_token=O7NOF3o_PHgV2BKA6Dyc3uep8zVAR2JLmJiAGeC3Jnrib-FqJVyf3hxnE7Z20Tvy HTTP/1.1" 400 53 "" "node-fetch/1.0 (+https://github.com/bitinn/node-fetch)"
[2022-12-29T17:36:57.681] [ERROR] http - ::1 - - "POST /bridge/rename/nonexistent/newname?access_token=O7NOF3o_PHgV2BKA6Dyc3uep8zVAR2JLmJiAGeC3Jnrib-FqJVyf3hxnE7Z20Tvy HTTP/1.1" 400 45 "" "node-fetch/1.0 (+https://github.com/bitinn/node-fetch)"
[2022-12-29T17:36:57.685] [INFO] http - ::1 - - "GET /bridge/status HTTP/1.1" 200 7 "" "node-fetch/1.0 (+https://github.com/bitinn/node-fetch)"
[2022-12-29T17:38:18.502] [INFO] http - ::1 - - "PUT /transactions/1?access_token=O7NOF3o_PHgV2BKA6Dyc3uep8zVAR2JLmJiAGeC3Jnrib-FqJVyf3hxnE7Z20Tvy HTTP/1.1" 200 2 "" "Synapse/1.47.1"
[2022-12-29T17:38:18.594] [INFO] http - ::1 - - "PUT /transactions/2?access_token=O7NOF3o_PHgV2BKA6Dyc3uep8zVAR2JLmJiAGeC3Jnrib-FqJVyf3hxnE7Z20Tvy HTTP/1.1" 200 2 "" "Synapse/1.47.1"
[2022-12-29T17:38:22.434] [INFO] http - ::1 - - "PUT /transactions/3?access_token=O7NOF3o_PHgV2BKA6Dyc3uep8zVAR2JLmJiAGeC3Jnrib-FqJVyf3hxnE7Z20Tvy HTTP/1.1" 200 2 "" "Synapse/1.47.1"
[2022-12-29T17:38:22.630] [INFO] http - ::1 - - "PUT /transactions/4?access_token=O7NOF3o_PHgV2BKA6Dyc3uep8zVAR2JLmJiAGeC3Jnrib-FqJVyf3hxnE7Z20Tvy HTTP/1.1" 200 2 "" "Synapse/1.47.1"
[2022-12-29T17:38:22.730] [INFO] http - ::1 - - "PUT /transactions/5?access_token=O7NOF3o_PHgV2BKA6Dyc3uep8zVAR2JLmJiAGeC3Jnrib-FqJVyf3hxnE7Z20Tvy HTTP/1.1" 200 2 "" "Synapse/1.47.1"
[2022-12-29T17:38:22.866] [INFO] http - ::1 - - "PUT /transactions/6?access_token=O7NOF3o_PHgV2BKA6Dyc3uep8zVAR2JLmJiAGeC3Jnrib-FqJVyf3hxnE7Z20Tvy HTTP/1.1" 200 2 "" "Synapse/1.47.1"
[2022-12-29T17:38:22.996] [INFO] http - ::1 - - "PUT /transactions/7?access_token=O7NOF3o_PHgV2BKA6Dyc3uep8zVAR2JLmJiAGeC3Jnrib-FqJVyf3hxnE7Z20Tvy HTTP/1.1" 200 2 "" "Synapse/1.47.1"
[2022-12-29T17:38:23.097] [INFO] http - ::1 - - "PUT /transactions/8?access_token=O7NOF3o_PHgV2BKA6Dyc3uep8zVAR2JLmJiAGeC3Jnrib-FqJVyf3hxnE7Z20Tvy HTTP/1.1" 200 2 "" "Synapse/1.47.1"
[2022-12-29T17:38:23.253] [INFO] http - ::1 - - "PUT /transactions/9?access_token=O7NOF3o_PHgV2BKA6Dyc3uep8zVAR2JLmJiAGeC3Jnrib-FqJVyf3hxnE7Z20Tvy HTTP/1.1" 200 2 "" "Synapse/1.47.1"
[2022-12-29T17:38:23.366] [INFO] http - ::1 - - "PUT /transactions/10?access_token=O7NOF3o_PHgV2BKA6Dyc3uep8zVAR2JLmJiAGeC3Jnrib-FqJVyf3hxnE7Z20Tvy HTTP/1.1" 200 2 "" "Synapse/1.47.1"
[2022-12-29T17:38:38.965] [INFO] http - ::1 - - "PUT /transactions/11?access_token=O7NOF3o_PHgV2BKA6Dyc3uep8zVAR2JLmJiAGeC3Jnrib-FqJVyf3hxnE7Z20Tvy HTTP/1.1" 200 2 "" "Synapse/1.47.1"
[2022-12-29T17:38:39.270] [INFO] http - ::1 - - "PUT /transactions/12?access_token=O7NOF3o_PHgV2BKA6Dyc3uep8zVAR2JLmJiAGeC3Jnrib-FqJVyf3hxnE7Z20Tvy HTTP/1.1" 200 2 "" "Synapse/1.47.1"
[2022-12-29T17:38:39.542] [INFO] http - ::1 - - "PUT /transactions/13?access_token=O7NOF3o_PHgV2BKA6Dyc3uep8zVAR2JLmJiAGeC3Jnrib-FqJVyf3hxnE7Z20Tvy HTTP/1.1" 200 2 "" "Synapse/1.47.1"
[2022-12-29T17:38:39.766] [INFO] http - ::1 - - "PUT /transactions/14?access_token=O7NOF3o_PHgV2BKA6Dyc3uep8zVAR2JLmJiAGeC3Jnrib-FqJVyf3hxnE7Z20Tvy HTTP/1.1" 200 2 "" "Synapse/1.47.1"
[2022-12-29T17:38:40.113] [INFO] http - ::1 - - "PUT /transactions/15?access_token=O7NOF3o_PHgV2BKA6Dyc3uep8zVAR2JLmJiAGeC3Jnrib-FqJVyf3hxnE7Z20Tvy HTTP/1.1" 200 2 "" "Synapse/1.47.1"
[2022-12-29T17:38:40.319] [INFO] http - ::1 - - "PUT /transactions/16?access_token=O7NOF3o_PHgV2BKA6Dyc3uep8zVAR2JLmJiAGeC3Jnrib-FqJVyf3hxnE7Z20Tvy HTTP/1.1" 200 2 "" "Synapse/1.47.1"
[2022-12-29T17:38:40.611] [INFO] http - ::1 - - "PUT /transactions/17?access_token=O7NOF3o_PHgV2BKA6Dyc3uep8zVAR2JLmJiAGeC3Jnrib-FqJVyf3hxnE7Z20Tvy HTTP/1.1" 200 2 "" "Synapse/1.47.1"
[2022-12-29T17:38:40.772] [INFO] http - ::1 - - "PUT /transactions/18?access_token=O7NOF3o_PHgV2BKA6Dyc3uep8zVAR2JLmJiAGeC3Jnrib-FqJVyf3hxnE7Z20Tvy HTTP/1.1" 200 2 "" "Synapse/1.47.1"
[2022-12-29T17:38:40.988] [INFO] http - ::1 - - "PUT /transactions/19?access_token=O7NOF3o_PHgV2BKA6Dyc3uep8zVAR2JLmJiAGeC3Jnrib-FqJVyf3hxnE7Z20Tvy HTTP/1.1" 200 2 "" "Synapse/1.47.1"
[2022-12-29T17:38:43.661] [INFO] http - ::1 - - "PUT /transactions/20?access_token=O7NOF3o_PHgV2BKA6Dyc3uep8zVAR2JLmJiAGeC3Jnrib-FqJVyf3hxnE7Z20Tvy HTTP/1.1" 200 2 "" "Synapse/1.47.1"
